<?xml version="1.0" encoding="utf-8"?><testsuites name="pytest tests"><testsuite name="pytest" errors="0" failures="0" skipped="0" tests="101" time="19.984" timestamp="2026-09-01T22:03:20.260690+00:00" hostname="agent-env-a894fde5-2fbd-4477-8319-287f754d8d1d"><testcase classname="tests.backend_test.TestHealth" name="test_health" time="0.173" /><testcase classname="tests.backend_test.TestAuth" name="test_register_returns_jwt_and_profile" time="0.468" /><testcase classname="tests.backend_test.TestAuth" name="test_register_minor_rejected" time="0.062" /><testcase classname="tests.backend_test.TestAuth" name="test_register_invalid_birthdate" time="0.061" /><testcase classname="tests.backend_test.TestAuth" name="test_register_duplicate_email_conflict" time="0.368" /><testcase classname="tests.backend_test.TestAuth" name="test_register_requires_email_or_phone" time="0.062" /><testcase classname="tests.backend_test.TestAuth" name="test_register_short_password_422" time="0.063" /><testcase classname="tests.backend_test.TestAuth" name="test_login_with_email_identifier" time="0.300" /><testcase classname="tests.backend_test.TestAuth" name="test_login_with_phone_identifier" time="0.602" /><testcase classname="tests.backend_test.TestAuth" name="test_register_gender_autre_not_supported" time="0.062" /><testcase classname="tests.backend_test.TestAuth" name="test_login_wrong_password_401" time="0.305" /><testcase classname="tests.backend_test.TestAuth" name="test_login_unknown_identifier_401" time="0.061" /><testcase classname="tests.backend_test.TestAuth" name="test_admin_login_role" time="0.310" /><testcase classname="tests.backend_test.TestAuth" name="test_me_requires_token" time="0.062" /><testcase classname="tests.backend_test.TestAuth" name="test_me_invalid_token" time="0.149" /><testcase classname="tests.backend_test.TestSubscriptions" name="test_plans_seeded" time="0.061" /><testcase classname="tests.backend_test.TestSubscriptions" name="test_my_subscription_default_none" time="0.165" /><testcase classname="tests.backend_test.TestSubscriptions" name="test_subscribe_and_payment_proof_flow" time="0.242" /><testcase classname="tests.backend_test.TestSubscriptions" name="test_subscribe_unknown_plan_404" time="0.101" /><testcase classname="tests.backend_test.TestSubscriptions" name="test_pending_proofs_forbidden_for_user" time="0.093" /><testcase classname="tests.backend_test.TestSubscriptions" name="test_pending_proofs_allowed_for_admin" time="0.464" /><testcase classname="tests.backend_test.TestSubscriptions" name="test_admin_approves_proof_activates_subscription" time="0.795" /><testcase classname="tests.backend_test.TestPhotosModeration" name="test_add_photo_goes_to_review_then_admin_approves" time="0.404" /><testcase classname="tests.backend_test.TestPhotosModeration" name="test_pending_photos_forbidden_for_user" time="0.097" /><testcase classname="tests.backend_test.TestPhotosModeration" name="test_delete_unknown_photo_404" time="0.116" /><testcase classname="tests.backend_test.TestPhotosModeration" name="test_delete_existing_photo_removes_it" time="0.360" /><testcase classname="tests.backend_test.TestMatching" name="test_discover_requires_auth" time="0.064" /><testcase classname="tests.backend_test.TestMatching" name="test_discover_returns_opposite_gender_with_approved_photo" time="0.655" /><testcase classname="tests.backend_test.TestMatching" name="test_swipe_self_400" time="0.093" /><testcase classname="tests.backend_test.TestMatching" name="test_swipe_unknown_target_404" time="0.086" /><testcase classname="tests.backend_test.TestMatching" name="test_swipe_invalid_action_422" time="0.092" /><testcase classname="tests.backend_test.TestMatching" name="test_mutual_like_creates_match_and_conversation" time="0.290" /><testcase classname="tests.backend_test.TestMatching" name="test_discover_excludes_already_swiped" time="0.098" /><testcase classname="tests.backend_test.TestChat" name="test_conversation_messaging_flow" time="0.381" /><testcase classname="tests.backend_test.TestChat" name="test_messages_forbidden_for_outsider" time="0.546" /><testcase classname="tests.backend_test.TestChat" name="test_unknown_conversation_404" time="0.106" /><testcase classname="tests.backend_test.TestChat" name="test_empty_message_rejected" time="0.221" /><testcase classname="tests.backend_test.TestAdmin" name="test_admin_get_200[/admin/settings/referral-points]" time="0.082" /><testcase classname="tests.backend_test.TestAdmin" name="test_admin_get_200[/admin/subscription-plans]" time="0.074" /><testcase classname="tests.backend_test.TestAdmin" name="test_admin_get_200[/admin/reports]" time="0.087" /><testcase classname="tests.backend_test.TestAdmin" name="test_admin_get_200[/admin/photos/pending]" time="0.091" /><testcase classname="tests.backend_test.TestAdmin" name="test_admin_get_200[/admin/verification/pending]" time="0.077" /><testcase classname="tests.backend_test.TestAdmin" name="test_admin_get_200[/admin/settings/moderation]" time="0.073" /><testcase classname="tests.backend_test.TestAdmin" name="test_admin_get_403_for_standard_user[/admin/settings/referral-points]" time="0.111" /><testcase classname="tests.backend_test.TestAdmin" name="test_admin_get_403_for_standard_user[/admin/subscription-plans]" time="0.086" /><testcase classname="tests.backend_test.TestAdmin" name="test_admin_get_403_for_standard_user[/admin/reports]" time="0.084" /><testcase classname="tests.backend_test.TestAdmin" name="test_admin_get_403_for_standard_user[/admin/photos/pending]" time="0.097" /><testcase classname="tests.backend_test.TestAdmin" name="test_admin_get_403_for_standard_user[/admin/verification/pending]" time="0.092" /><testcase classname="tests.backend_test.TestAdmin" name="test_admin_get_403_for_standard_user[/admin/settings/moderation]" time="0.089" /><testcase classname="tests.backend_test.TestAdmin" name="test_admin_get_401_without_token[/admin/settings/referral-points]" time="0.066" /><testcase classname="tests.backend_test.TestAdmin" name="test_admin_get_401_without_token[/admin/subscription-plans]" time="0.067" /><testcase classname="tests.backend_test.TestAdmin" name="test_admin_get_401_without_token[/admin/reports]" time="0.063" /><testcase classname="tests.backend_test.TestAdmin" name="test_admin_get_401_without_token[/admin/photos/pending]" time="0.072" /><testcase classname="tests.backend_test.TestAdmin" name="test_admin_get_401_without_token[/admin/verification/pending]" time="0.065" /><testcase classname="tests.backend_test.TestAdmin" name="test_admin_get_401_without_token[/admin/settings/moderation]" time="0.065" /><testcase classname="tests.backend_test.TestAdmin" name="test_update_referral_points_persists" time="0.330" /><testcase classname="tests.backend_test.TestAdmin" name="test_create_and_update_plan" time="0.366" /><testcase classname="tests.backend_test.TestAdmin" name="test_update_unknown_plan_404" time="0.086" /><testcase classname="tests.backend_test.TestAdmin" name="test_moderation_settings_toggle_persists" time="0.398" /><testcase classname="tests.backend_test.TestRatings" name="test_rate_user_and_summary" time="0.586" /><testcase classname="tests.backend_test.TestRatings" name="test_rate_self_400" time="0.099" /><testcase classname="tests.backend_test.TestRatings" name="test_rate_unknown_user_404" time="0.098" /><testcase classname="tests.backend_test.TestRatings" name="test_rating_score_out_of_range_422" time="0.120" /><testcase classname="tests.backend_test.TestRatings" name="test_summary_no_ratings" time="0.064" /><testcase classname="tests.backend_test.TestRatings" name="test_report_flow_and_admin_review" time="0.994" /><testcase classname="tests.backend_test.TestRatings" name="test_report_self_400" time="0.090" /><testcase classname="tests.backend_test.TestRatings" name="test_review_unknown_report_404" time="0.084" /><testcase classname="tests.backend_test.TestReferrals" name="test_my_referrals_and_share_points" time="0.303" /><testcase classname="tests.backend_test.TestReferrals" name="test_share_invalid_platform_422" time="0.085" /><testcase classname="tests.backend_test.TestReferrals" name="test_referral_code_links_new_signup" time="0.380" /><testcase classname="tests.backend_test.TestReferrals" name="test_referrals_requires_auth" time="0.064" /><testcase classname="tests.backend_test.TestVerification" name="test_submit_verification_pending_then_admin_approves" time="0.507" /><testcase classname="tests.backend_test.TestVerification" name="test_review_unknown_verification_404" time="0.333" /><testcase classname="tests.backend_test.TestPayments" name="test_payment_page_unconfigured_returns_503" time="0.248" /><testcase classname="tests.backend_test.TestPayments" name="test_payment_page_requires_auth" time="0.063" /><testcase classname="tests.backend_test.TestPayments" name="test_payment_status_unknown_404" time="0.105" /><testcase classname="tests.backend_test.TestPayments" name="test_webhook_rejects_bad_secret" time="0.063" /><testcase classname="tests.backend_test.TestUploads" name="test_upload_requires_auth" time="0.066" /><testcase classname="tests.backend_test.TestUploads" name="test_upload_rejects_non_image" time="0.150" /><testcase classname="tests.backend_test.TestUploads" name="test_upload_photo_local_returns_url" time="0.159" /><testcase classname="tests.test_google_auth.TestLocalAuthRegression" name="test_admin_login_returns_jwt_and_admin_role" time="0.412" /><testcase classname="tests.test_google_auth.TestLocalAuthRegression" name="test_me_with_local_jwt_bearer" time="0.517" /><testcase classname="tests.test_google_auth.TestLocalAuthRegression" name="test_register_still_works" time="0.541" /><testcase classname="tests.test_google_auth.TestLocalAuthRegression" name="test_plans_still_seeded" time="0.143" /><testcase classname="tests.test_google_auth.TestLocalAuthRegression" name="test_admin_route_gated_for_standard_user" time="0.501" /><testcase classname="tests.test_google_auth.TestLocalAuthRegression" name="test_admin_route_allowed_for_admin" time="0.453" /><testcase classname="tests.test_google_auth.TestGoogleAuthLive" name="test_session_without_header_400" time="0.082" /><testcase classname="tests.test_google_auth.TestGoogleAuthLive" name="test_session_invalid_id_401" time="0.174" /><testcase classname="tests.test_google_auth.TestGoogleAuthLive" name="test_logout_without_anything_returns_ok" time="0.081" /><testcase classname="tests.test_google_auth.TestGoogleAuthLive" name="test_me_without_auth_401" time="0.156" /><testcase classname="tests.test_google_auth.TestGoogleAuthLive" name="test_me_with_invalid_session_cookie_401" time="0.143" /><testcase classname="tests.test_google_auth.TestGoogleAuthLive" name="test_me_with_invalid_bearer_401" time="0.144" /><testcase classname="tests.test_google_auth.TestGoogleAuthMocked" name="test_exchange_sets_cookie_creates_user_and_session" time="0.546" /><testcase classname="tests.test_google_auth.TestGoogleAuthMocked" name="test_me_via_cookie_and_via_bearer_session_token" time="0.003" /><testcase classname="tests.test_google_auth.TestGoogleAuthMocked" name="test_logout_deletes_session_and_me_becomes_401" time="0.002" /><testcase classname="tests.test_google_auth.TestGoogleAuthMocked" name="test_second_exchange_same_google_sub_no_duplicate_user" time="0.002" /><testcase classname="tests.test_google_auth.TestGoogleAuthMocked" name="test_session_missing_header_400_inprocess" time="0.001" /><testcase classname="tests.test_startup_resilience" name="test_ensure_indexes_swallows_operation_failure" time="0.001" /><testcase classname="tests.test_startup_resilience" name="test_ensure_indexes_swallows_generic_pymongo_error" time="0.001" /><testcase classname="tests.test_startup_resilience" name="test_on_startup_continues_when_every_step_fails" time="0.001" /><testcase classname="tests.test_startup_resilience" name="test_ensure_indexes_succeeds_on_real_mongomock" time="0.004" /></testsuite></testsuites>